This file contains any messages produced by compilers while
running configure, to aid debugging if configure makes a mistake.

It was created by nix-perl configure 2.14.0, which was
generated by GNU Autoconf 2.71.  Invocation command line was

  $ ./configure --prefix=/home/andrea/code/nix/outputs/out --with-dbi=/nix/store/vih7n0nx0j7lbq7bxfs4vzv6dmmfy86y-perl5.36.0-DBI-1.643/lib/perl5/site_perl --with-dbd-sqlite=/nix/store/5rzc64laaxsip1draw5ib8mm3hzhv2qw-perl5.36.0-DBD-SQLite-1.70/lib/perl5/site_perl

## --------- ##
## Platform. ##
## --------- ##

hostname = fino.bedini.io
uname -m = x86_64
uname -r = 6.1.10-1-default
uname -s = Linux
uname -v = #1 SMP PREEMPT_DYNAMIC Mon Feb  6 07:27:26 UTC 2023 (2a0570b)

/usr/bin/uname -p = x86_64
/bin/uname -X     = unknown

/bin/arch              = x86_64
/usr/bin/arch -k       = unknown
/usr/convex/getsysinfo = unknown
/usr/bin/hostinfo      = unknown
/bin/machine           = unknown
/usr/bin/oslevel       = unknown
/bin/universe          = unknown

PATH: /nix/store/760wf32r5vwm20fvyfg2dndrm8drjvrb-autoconf-2.71/bin/
PATH: /nix/store/5my3yfyik7gwmbnqv12v6vhiq4qzlw74-automake-1.16.5/bin/
PATH: /nix/store/ahb1jl345mpn3v8my8aj77df294q59ij-gettext-0.21/bin/
PATH: /nix/store/lxkkp26hdr7fjndy7zs5j7344z6hlrkn-libtool-2.4.7/bin/
PATH: /nix/store/56bgsgyv06l2d6yc7m5lg1hxbm0h3cy4-gnum4-1.4.19/bin/
PATH: /nix/store/p4vpay6wkmraar8p626zk2421790vr62-file-5.43/bin/
PATH: /nix/store/nyjxcn992aqcm00l7i1hw3fjqk6281n7-pkg-config-wrapper-0.29.2/bin/
PATH: /nix/store/pr5n59mb4jzmfx6kanwxly0l07p861fg-patchelf-0.15.0/bin/
PATH: /nix/store/dq0xwmsk1g0i2ayg6pb7y87na2knzylh-gcc-wrapper-11.3.0/bin/
PATH: /nix/store/1gf2flfqnpqbr1b4p4qz2f72y42bs56r-gcc-11.3.0/bin/
PATH: /nix/store/57xv61c5zi8pphjbcwxxjlgc34p61ic9-glibc-2.35-163-bin/bin/
PATH: /nix/store/a7gvj343m05j2s32xcnwr35v31ynlypr-coreutils-9.1/bin/
PATH: /nix/store/1d6ian3r8kdzspw8hacjhl3xkp40g1lj-binutils-wrapper-2.39/bin/
PATH: /nix/store/039g378vc3pc3dvi9dzdlrd0i4q93qwf-binutils-2.39/bin/
PATH: /nix/store/sy86g4sva5jjznbl7ir4lcbgc4b1n4s1-nix-2.14.0pre20230216_dirty/bin/
PATH: /nix/store/hl5lsmyf6alwj91nv8kmg2iz1lbnxym9-curl-7.86.0-dev/bin/
PATH: /nix/store/39m0xn31z7n44wflfxqq7fbjh1ik6xq7-brotli-1.0.9/bin/
PATH: /nix/store/0lm4ygslgn65xi9pkw2kw29qiqqd80hz-libkrb5-1.20-dev/bin/
PATH: /nix/store/r7gl900my2fw6k33nxh2r7rzv8nv0s25-libkrb5-1.20/bin/
PATH: /nix/store/n8jl8q7kk4a03n4gjiymy4y4hpcp2apm-nghttp2-1.49.0-bin/bin/
PATH: /nix/store/hfkdbq95wsm9a0zf2hz51ads25h657hx-libidn2-2.3.2-bin/bin/
PATH: /nix/store/fq47cv26nb87hwz2678r6i8ym5b57lwf-openssl-3.0.7-bin/bin/
PATH: /nix/store/mb0pcxkmrg0f6k0zaywlnvpk9q3j5ans-zstd-1.5.2-bin/bin/
PATH: /nix/store/w10in9diaqrcqqxi5lg20n3q2jfpk6pq-zstd-1.5.2/bin/
PATH: /nix/store/52fbv6j49khca4cfvwm35fqd984w2520-curl-7.86.0-bin/bin/
PATH: /nix/store/a8mhcagrsly7c7mpjrpsnaahk4aax056-bzip2-1.0.8-bin/bin/
PATH: /nix/store/zlcnmqq14jz5x9439jf937mvayyl63da-xz-5.2.7-bin/bin/
PATH: /nix/store/1zlrx8g7xs6ar0ggca4h3p6hmapq2p2h-perl-5.36.0/bin/
PATH: /nix/store/a7gvj343m05j2s32xcnwr35v31ynlypr-coreutils-9.1/bin/
PATH: /nix/store/mydc6f4k2z73xlcz7ilif3v2lcaiqvza-findutils-4.9.0/bin/
PATH: /nix/store/j9p3g8472iijd50vhdprx0nmk2fqn5gv-diffutils-3.8/bin/
PATH: /nix/store/89zs7rms6x00xfq4dq6m7mjnhkr8a6r4-gnused-4.8/bin/
PATH: /nix/store/86bp03jkmsl6f92w0yzg4s59g5mhxwmy-gnugrep-3.7/bin/
PATH: /nix/store/hwcdqw4jrjnd37wxqgsd47hd0j8bnj09-gawk-5.1.1/bin/
PATH: /nix/store/cfbhw8r8ags41vwqaz47r583d0p4h4a1-gnutar-1.34/bin/
PATH: /nix/store/p3m1ndl1lapwrlh698bnb5lvvxh67378-gzip-1.12/bin/
PATH: /nix/store/a8mhcagrsly7c7mpjrpsnaahk4aax056-bzip2-1.0.8-bin/bin/
PATH: /nix/store/mblgz65m3zv9x548a3d5m96fj2pbwr09-gnumake-4.3/bin/
PATH: /nix/store/dsd5gz46hdbdk2rfdimqddhq6m8m8fqs-bash-5.1-p16/bin/
PATH: /nix/store/v7ljksji50mg3w61dykaa3n3y79n6nil-patch-2.7.6/bin/
PATH: /nix/store/zlcnmqq14jz5x9439jf937mvayyl63da-xz-5.2.7-bin/bin/
PATH: /nix/store/y6aj732zm9m87c82fpvf103a1xb22blp-file-5.43/bin/
PATH: /home/andrea/.nix-profile/bin/
PATH: /home/andrea/bin/
PATH: /home/andrea/.npm/bin/
PATH: /home/andrea/.local/bin/
PATH: /home/andrea/.nix-profile/bin/
PATH: /nix/var/nix/profiles/default/bin/
PATH: /home/andrea/.nix-profile/bin/
PATH: /home/andrea/bin/
PATH: /home/andrea/.npm/bin/
PATH: /home/andrea/.local/bin/
PATH: /home/andrea/.nix-profile/bin/
PATH: /home/andrea/bin/
PATH: /home/andrea/.npm/bin/
PATH: /home/andrea/.local/bin/
PATH: /home/andrea/.nix-profile/bin/
PATH: /home/andrea/.cabal/bin/
PATH: /home/andrea/.ghcup/bin/
PATH: /home/andrea/bin/
PATH: /home/andrea/.npm/bin/
PATH: /home/andrea/.local/bin/
PATH: /home/andrea/.nix-profile/bin/
PATH: /nix/var/nix/profiles/default/bin/
PATH: /home/andrea/.local/bin/
PATH: /home/andrea/bin/
PATH: /usr/local/bin/
PATH: /usr/bin/
PATH: /bin/
PATH: /usr/sbin/
PATH: /sbin/
PATH: /usr/sbin/
PATH: /sbin/


## ----------- ##
## Core tests. ##
## ----------- ##

configure:1766: loading site script /usr/share/site/x86_64-pc-linux-gnu
| #!/bin/sh
| # Site script for configure. It is resourced via $CONFIG_SITE environment varaible.
| 
| # If user did not specify libdir, guess the correct target:
| # Use lib64 for 64 bit bi-arch targets, keep the default for the rest.
| if test "$libdir" = '${exec_prefix}/lib' ; then
| 
| 	ac_config_site_64bit_host=NONE
| 
| 	case "$host" in
| 	"" )
| 		# User did not specify host target.
| 		# The native platform x86_64 is a bi-arch platform.
| 		# Try to detect cross-compilation to inferior architecture.
| 
| 		# We are trying to guess 32-bit target compilation. It's not as easy as
| 		# it sounds, as there is possible several intermediate combinations.
| 		ac_config_site_cross_to_32bit_host=NONE
| 
| 		# User defined -m32 in CFLAGS or CXXFLAGS or CC or CXX:
| 		# (It's sufficient for 32-bit, but alone may cause mis-behavior of some checks.)
| 		case "$CFLAGS $CXXFLAGS $CC $CXX" in
| 		*-m32*)
| 			ac_config_site_cross_to_32bit_host=YES
| 			;;
| 		esac
| 
| 		# Running with linux32:
| 		# (Changes detected platform, but not the toolchain target.)
| 		case "`/bin/uname -i`" in
| 		x86_64 | ppc64 | s390x | aarch64 )
| 			;;
| 		* )
| 			ac_config_site_cross_to_32bit_host=YES
| 			;;
| 		esac
| 
| 		if test "x$ac_config_site_cross_to_32bit_host" = xNONE; then
| 			ac_config_site_64bit_host=YES
| 		fi
| 
| 		;;
| 	*x86_64* | *ppc64* | *s390x* | *aarch64* )
| 		ac_config_site_64bit_host=YES
| 		;;
| 	esac
| 
| 	if test "x$ac_config_site_64bit_host" = xYES; then
| 		libdir='${exec_prefix}/lib64'
| 	fi
| fi
| 
| # Continue with the standard behavior of configure defined in AC_SITE_LOAD:
| if test "x$prefix" != xNONE; then
| 	ac_site_files="$prefix/share/config.site $prefix/etc/config.site"
| else
| 	ac_site_files="$ac_default_prefix/share/config.site $ac_default_prefix/etc/config.site"
| fi
| 
| for ac_site_file in $ac_site_files
| do
| 	case $ac_site_file in #(
| 	*/*) :
| 		 ;; #(
| 	*) :
| 		ac_site_file=./$ac_site_file ;;
| esac
| 	if test -f "$ac_site_file" && test -r "$ac_site_file"; then
| 		{ printf "%s\n" "/usr/share/site/x86_64-pc-linux-gnu:${as_lineno-$LINENO}: loading site script $ac_site_file" >&5
| printf "%s\n" "/usr/share/site/x86_64-pc-linux-gnu: loading site script $ac_site_file" >&6;}
| 		sed 's/^/| /' "$ac_site_file" >&5
| 		. "$ac_site_file" \
| 			|| { { printf "%s\n" "/usr/share/site/x86_64-pc-linux-gnu:${as_lineno-$LINENO}: error: in \`$ac_pwd':" >&5
| printf "%s\n" "/usr/share/site/x86_64-pc-linux-gnu: error: in \`$ac_pwd':" >&2;}
| as_fn_error $? "failed to load site script $ac_site_file
| See \`config.log' for more details" "$LINENO" 5; }
| 	fi
| done
configure:2332: looking for aux files: config.guess config.sub
configure:2345:  trying ./../config/
configure:2374:   ./../config/config.guess found
configure:2374:   ./../config/config.sub found
configure:2552: checking for gcc
configure:2584: result: gcc
configure:2937: checking for C compiler version
configure:2946: gcc --version >&5
gcc (GCC) 11.3.0
Copyright (C) 2021 Free Software Foundation, Inc.
This is free software; see the source for copying conditions.  There is NO
warranty; not even for MERCHANTABILITY or FITNESS FOR A PARTICULAR PURPOSE.

configure:2957: $? = 0
configure:2946: gcc -v >&5
Using built-in specs.
COLLECT_GCC=/nix/store/1gf2flfqnpqbr1b4p4qz2f72y42bs56r-gcc-11.3.0/bin/gcc
COLLECT_LTO_WRAPPER=/nix/store/1gf2flfqnpqbr1b4p4qz2f72y42bs56r-gcc-11.3.0/libexec/gcc/x86_64-unknown-linux-gnu/11.3.0/lto-wrapper
Target: x86_64-unknown-linux-gnu
Configured with: 
Thread model: posix
Supported LTO compression algorithms: zlib
gcc version 11.3.0 (GCC) 
configure:2957: $? = 0
configure:2946: gcc -V >&5
gcc: error: unrecognized command-line option '-V'
gcc: fatal error: no input files
compilation terminated.
configure:2957: $? = 1
configure:2946: gcc -qversion >&5
gcc: error: unrecognized command-line option '-qversion'; did you mean '--version'?
gcc: fatal error: no input files
compilation terminated.
configure:2957: $? = 1
configure:2946: gcc -version >&5
gcc: error: unrecognized command-line option '-version'
gcc: fatal error: no input files
compilation terminated.
configure:2957: $? = 1
configure:2977: checking whether the C compiler works
configure:2999: gcc    conftest.c  >&5
configure:3003: $? = 0
configure:3053: result: yes
configure:3056: checking for C compiler default output file name
configure:3058: result: a.out
configure:3064: checking for suffix of executables
configure:3071: gcc -o conftest    conftest.c  >&5
configure:3075: $? = 0
configure:3098: result: 
configure:3120: checking whether we are cross compiling
configure:3128: gcc -o conftest    conftest.c  >&5
configure:3132: $? = 0
configure:3139: ./conftest
configure:3143: $? = 0
configure:3158: result: no
configure:3163: checking for suffix of object files
configure:3186: gcc -c   conftest.c >&5
configure:3190: $? = 0
configure:3212: result: o
configure:3216: checking whether the compiler supports GNU C
configure:3236: gcc -c   conftest.c >&5
configure:3236: $? = 0
configure:3246: result: yes
configure:3257: checking whether gcc accepts -g
configure:3278: gcc -c -g  conftest.c >&5
configure:3278: $? = 0
configure:3322: result: yes
configure:3342: checking for gcc option to enable C11 features
configure:3357: gcc  -c   conftest.c >&5
configure:3357: $? = 0
configure:3375: result: none needed
configure:3613: checking for C++ compiler version
configure:3622: g++ --version >&5
g++ (GCC) 11.3.0
Copyright (C) 2021 Free Software Foundation, Inc.
This is free software; see the source for copying conditions.  There is NO
warranty; not even for MERCHANTABILITY or FITNESS FOR A PARTICULAR PURPOSE.

configure:3633: $? = 0
configure:3622: g++ -v >&5
Using built-in specs.
COLLECT_GCC=/nix/store/1gf2flfqnpqbr1b4p4qz2f72y42bs56r-gcc-11.3.0/bin/g++
COLLECT_LTO_WRAPPER=/nix/store/1gf2flfqnpqbr1b4p4qz2f72y42bs56r-gcc-11.3.0/libexec/gcc/x86_64-unknown-linux-gnu/11.3.0/lto-wrapper
Target: x86_64-unknown-linux-gnu
Configured with: 
Thread model: posix
Supported LTO compression algorithms: zlib
gcc version 11.3.0 (GCC) 
configure:3633: $? = 0
configure:3622: g++ -V >&5
g++: error: unrecognized command-line option '-V'
g++: fatal error: no input files
compilation terminated.
configure:3633: $? = 1
configure:3622: g++ -qversion >&5
g++: error: unrecognized command-line option '-qversion'; did you mean '--version'?
g++: fatal error: no input files
compilation terminated.
configure:3633: $? = 1
configure:3637: checking whether the compiler supports GNU C++
configure:3657: g++ -c   conftest.cpp >&5
configure:3657: $? = 0
configure:3667: result: yes
configure:3678: checking whether g++ accepts -g
configure:3699: g++ -c -g  conftest.cpp >&5
configure:3699: $? = 0
configure:3743: result: yes
configure:3763: checking for g++ option to enable C++11 features
configure:3778: g++  -c   conftest.cpp >&5
conftest.cpp: In function 'int main(int, char**)':
conftest.cpp:175:25: warning: empty parentheses were disambiguated as a function declaration [-Wvexing-parse]
  175 |   cxx11test::delegate d2();
      |                         ^~
conftest.cpp:175:25: note: remove parentheses to default-initialize a variable
  175 |   cxx11test::delegate d2();
      |                         ^~
      |                         --
conftest.cpp:175:25: note: or replace parentheses with braces to value-initialize a variable
configure:3778: $? = 0
configure:3796: result: none needed
configure:3868: checking build system type
configure:3883: result: x86_64-pc-linux-gnu
configure:3903: checking host system type
configure:3917: result: x86_64-pc-linux-gnu
configure:3948: checking for special C compiler options needed for large files
configure:3996: result: no
configure:4002: checking for _FILE_OFFSET_BITS value needed for large files
configure:4028: gcc -c   conftest.c >&5
configure:4028: $? = 0
configure:4062: result: no
configure:4150: checking for perl
configure:4173: found /nix/store/1zlrx8g7xs6ar0ggca4h3p6hmapq2p2h-perl-5.36.0/bin/perl
configure:4185: result: /nix/store/1zlrx8g7xs6ar0ggca4h3p6hmapq2p2h-perl-5.36.0/bin/perl
configure:4200: checking for curl
configure:4223: found /nix/store/52fbv6j49khca4cfvwm35fqd984w2520-curl-7.86.0-bin/bin/curl
configure:4235: result: /nix/store/52fbv6j49khca4cfvwm35fqd984w2520-curl-7.86.0-bin/bin/curl
configure:4250: checking for bzip2
configure:4273: found /nix/store/a8mhcagrsly7c7mpjrpsnaahk4aax056-bzip2-1.0.8-bin/bin/bzip2
configure:4285: result: /nix/store/a8mhcagrsly7c7mpjrpsnaahk4aax056-bzip2-1.0.8-bin/bin/bzip2
configure:4300: checking for xz
configure:4323: found /nix/store/zlcnmqq14jz5x9439jf937mvayyl63da-xz-5.2.7-bin/bin/xz
configure:4335: result: /nix/store/zlcnmqq14jz5x9439jf937mvayyl63da-xz-5.2.7-bin/bin/xz
configure:4349: checking whether Perl is recent enough
configure:4356: result: yes
configure:4361: checking for the Perl installation prefix
configure:4367: result: ${exec_prefix}/lib64/perl5/site_perl/5.36.0/x86_64-linux-thread-multi

## ---------------- ##
## Cache variables. ##
## ---------------- ##

ac_cv_build=x86_64-pc-linux-gnu
ac_cv_c_compiler_gnu=yes
ac_cv_cxx_compiler_gnu=yes
ac_cv_env_CCC_set=
ac_cv_env_CCC_value=
ac_cv_env_CC_set=set
ac_cv_env_CC_value=gcc
ac_cv_env_CFLAGS_set=
ac_cv_env_CFLAGS_value=
ac_cv_env_CPPFLAGS_set=
ac_cv_env_CPPFLAGS_value=
ac_cv_env_CXXFLAGS_set=
ac_cv_env_CXXFLAGS_value=
ac_cv_env_CXX_set=set
ac_cv_env_CXX_value=g++
ac_cv_env_LDFLAGS_set=
ac_cv_env_LDFLAGS_value=
ac_cv_env_LIBS_set=
ac_cv_env_LIBS_value=
ac_cv_env_build_alias_set=
ac_cv_env_build_alias_value=
ac_cv_env_host_alias_set=
ac_cv_env_host_alias_value=
ac_cv_env_target_alias_set=
ac_cv_env_target_alias_value=
ac_cv_host=x86_64-pc-linux-gnu
ac_cv_objext=o
ac_cv_path_bzip2=/nix/store/a8mhcagrsly7c7mpjrpsnaahk4aax056-bzip2-1.0.8-bin/bin/bzip2
ac_cv_path_curl=/nix/store/52fbv6j49khca4cfvwm35fqd984w2520-curl-7.86.0-bin/bin/curl
ac_cv_path_perl=/nix/store/1zlrx8g7xs6ar0ggca4h3p6hmapq2p2h-perl-5.36.0/bin/perl
ac_cv_path_xz=/nix/store/zlcnmqq14jz5x9439jf937mvayyl63da-xz-5.2.7-bin/bin/xz
ac_cv_prog_ac_ct_CC=gcc
ac_cv_prog_cc_c11=
ac_cv_prog_cc_g=yes
ac_cv_prog_cc_stdc=
ac_cv_prog_cxx_11=no
ac_cv_prog_cxx_cxx11=
ac_cv_prog_cxx_g=yes
ac_cv_prog_cxx_stdcxx=
ac_cv_sys_file_offset_bits=no
ac_cv_sys_largefile_CC=no
lt_cv_deplibs_check_method=pass_all

## ----------------- ##
## Output variables. ##
## ----------------- ##

CC='gcc'
CFLAGS=''
CPPFLAGS=''
CXX='g++'
CXXFLAGS=''
DEFS=''
ECHO_C=''
ECHO_N='-n'
ECHO_T=''
EXEEXT=''
LDFLAGS=''
LIBOBJS=''
LIBS=''
LTLIBOBJS=''
NIX=''
OBJEXT='o'
PACKAGE_BUGREPORT=''
PACKAGE_NAME='nix-perl'
PACKAGE_STRING='nix-perl 2.14.0'
PACKAGE_TARNAME='nix-perl'
PACKAGE_URL=''
PACKAGE_VERSION='2.14.0'
PATH_SEPARATOR=':'
SHELL='/nix/store/dsd5gz46hdbdk2rfdimqddhq6m8m8fqs-bash-5.1-p16/bin/bash'
ac_ct_CC='gcc'
ac_ct_CXX=''
bindir='${exec_prefix}/bin'
build='x86_64-pc-linux-gnu'
build_alias=''
build_cpu='x86_64'
build_os='linux-gnu'
build_vendor='pc'
bzip2='/nix/store/a8mhcagrsly7c7mpjrpsnaahk4aax056-bzip2-1.0.8-bin/bin/bzip2'
curl='/nix/store/52fbv6j49khca4cfvwm35fqd984w2520-curl-7.86.0-bin/bin/curl'
datadir='${datarootdir}'
datarootdir='${prefix}/share'
docdir='${datarootdir}/doc/${PACKAGE_TARNAME}'
dvidir='${docdir}'
exec_prefix='NONE'
host='x86_64-pc-linux-gnu'
host_alias=''
host_cpu='x86_64'
host_os='linux-gnu'
host_vendor='pc'
htmldir='${docdir}'
includedir='${prefix}/include'
infodir='${datarootdir}/info'
libdir='${exec_prefix}/lib64'
libexecdir='${exec_prefix}/libexec'
localedir='${datarootdir}/locale'
localstatedir='${prefix}/var'
mandir='${datarootdir}/man'
oldincludedir='/usr/include'
pdfdir='${docdir}'
perl='/nix/store/1zlrx8g7xs6ar0ggca4h3p6hmapq2p2h-perl-5.36.0/bin/perl'
perlFlags=''
perllibdir='${exec_prefix}/lib64/perl5/site_perl/5.36.0/x86_64-linux-thread-multi'
prefix='/home/andrea/code/nix/outputs/out'
program_transform_name='s,x,x,'
psdir='${docdir}'
runstatedir='${localstatedir}/run'
sbindir='${exec_prefix}/sbin'
sharedstatedir='${prefix}/com'
sysconfdir='${prefix}/etc'
target_alias=''
xz='/nix/store/zlcnmqq14jz5x9439jf937mvayyl63da-xz-5.2.7-bin/bin/xz'

## ----------- ##
## confdefs.h. ##
## ----------- ##

/* confdefs.h */
#define PACKAGE_NAME "nix-perl"
#define PACKAGE_TARNAME "nix-perl"
#define PACKAGE_VERSION "2.14.0"
#define PACKAGE_STRING "nix-perl 2.14.0"
#define PACKAGE_BUGREPORT ""
#define PACKAGE_URL ""

configure: exit 2
